{"/home/user/mcp-test/src/prompts/code-review.js": {"path":"/home/user/mcp-test/src/prompts/code-review.js","statementMap":{"0":{"start":{"line":3,"column":26},"end":{"line":10,"column":1}},"1":{"start":{"line":12,"column":27},"end":{"line":22,"column":63}},"2":{"start":{"line":13,"column":2},"end":{"line":22,"column":63}},"3":{"start":{"line":24,"column":14},"end":{"line":25,"column":57}},"4":{"start":{"line":25,"column":2},"end":{"line":25,"column":57}},"5":{"start":{"line":27,"column":23},"end":{"line":31,"column":1}},"6":{"start":{"line":28,"column":15},"end":{"line":28,"column":56}},"7":{"start":{"line":29,"column":19},"end":{"line":29,"column":50}},"8":{"start":{"line":30,"column":2},"end":{"line":30,"column":null}}},"fnMap":{"0":{"name":"(anonymous_0)","decl":{"start":{"line":12,"column":27},"end":{"line":12,"column":28}},"loc":{"start":{"line":13,"column":2},"end":{"line":22,"column":63}},"line":13},"1":{"name":"(anonymous_1)","decl":{"start":{"line":24,"column":14},"end":{"line":24,"column":15}},"loc":{"start":{"line":25,"column":2},"end":{"line":25,"column":57}},"line":25},"2":{"name":"(anonymous_2)","decl":{"start":{"line":27,"column":23},"end":{"line":27,"column":24}},"loc":{"start":{"line":27,"column":33},"end":{"line":31,"column":1}},"line":27}},"branchMap":{"0":{"loc":{"start":{"line":25,"column":2},"end":{"line":25,"column":57}},"type":"cond-expr","locations":[{"start":{"line":25,"column":34},"end":{"line":25,"column":42}},{"start":{"line":25,"column":45},"end":{"line":25,"column":57}}],"line":25},"1":{"loc":{"start":{"line":25,"column":2},"end":{"line":25,"column":31}},"type":"binary-expr","locations":[{"start":{"line":25,"column":2},"end":{"line":25,"column":5}},{"start":{"line":25,"column":9},"end":{"line":25,"column":31}}],"line":25}},"s":{"0":3,"1":3,"2":7,"3":3,"4":10,"5":3,"6":5,"7":5,"8":5},"f":{"0":7,"1":10,"2":5},"b":{"0":[6,4],"1":[10,10]},"meta":{"lastBranch":2,"lastFunction":3,"lastStatement":9,"seen":{"s:3:26:10:1":0,"s:12:27:22:63":1,"f:12:27:12:28":0,"s:13:2:22:63":2,"s:24:14:25:57":3,"f:24:14:24:15":1,"s:25:2:25:57":4,"b:25:34:25:42:25:45:25:57":0,"b:25:2:25:5:25:9:25:31":1,"s:27:23:31:1":5,"f:27:23:27:24":2,"s:28:15:28:56":6,"s:29:19:29:50":7,"s:30:2:30:Infinity":8}}}
,"/home/user/mcp-test/src/prompts/helpful-assistant.js": {"path":"/home/user/mcp-test/src/prompts/helpful-assistant.js","statementMap":{"0":{"start":{"line":3,"column":26},"end":{"line":6,"column":1}},"1":{"start":{"line":8,"column":22},"end":{"line":13,"column":40}},"2":{"start":{"line":15,"column":23},"end":{"line":15,"column":35}},"3":{"start":{"line":15,"column":29},"end":{"line":15,"column":35}}},"fnMap":{"0":{"name":"(anonymous_0)","decl":{"start":{"line":15,"column":23},"end":{"line":15,"column":24}},"loc":{"start":{"line":15,"column":29},"end":{"line":15,"column":35}},"line":15}},"branchMap":{},"s":{"0":3,"1":3,"2":3,"3":3},"f":{"0":3},"b":{},"meta":{"lastBranch":0,"lastFunction":1,"lastStatement":4,"seen":{"s:3:26:6:1":0,"s:8:22:13:40":1,"s:15:23:15:35":2,"f:15:23:15:24":0,"s:15:29:15:35":3}}}
,"/home/user/mcp-test/src/prompts/pirate-mode.js": {"path":"/home/user/mcp-test/src/prompts/pirate-mode.js","statementMap":{"0":{"start":{"line":3,"column":26},"end":{"line":6,"column":1}},"1":{"start":{"line":8,"column":22},"end":{"line":15,"column":35}},"2":{"start":{"line":17,"column":23},"end":{"line":17,"column":35}},"3":{"start":{"line":17,"column":29},"end":{"line":17,"column":35}}},"fnMap":{"0":{"name":"(anonymous_0)","decl":{"start":{"line":17,"column":23},"end":{"line":17,"column":24}},"loc":{"start":{"line":17,"column":29},"end":{"line":17,"column":35}},"line":17}},"branchMap":{},"s":{"0":3,"1":3,"2":3,"3":3},"f":{"0":3},"b":{},"meta":{"lastBranch":0,"lastFunction":1,"lastStatement":4,"seen":{"s:3:26:6:1":0,"s:8:22:15:35":1,"s:17:23:17:35":2,"f:17:23:17:24":0,"s:17:29:17:35":3}}}
,"/home/user/mcp-test/src/resources/greeting.js": {"path":"/home/user/mcp-test/src/resources/greeting.js","statementMap":{"0":{"start":{"line":3,"column":24},"end":{"line":8,"column":1}},"1":{"start":{"line":10,"column":20},"end":{"line":10,"column":74}},"2":{"start":{"line":10,"column":30},"end":{"line":10,"column":74}}},"fnMap":{"0":{"name":"(anonymous_0)","decl":{"start":{"line":10,"column":20},"end":{"line":10,"column":21}},"loc":{"start":{"line":10,"column":30},"end":{"line":10,"column":74}},"line":10}},"branchMap":{},"s":{"0":3,"1":3,"2":4},"f":{"0":4},"b":{},"meta":{"lastBranch":0,"lastFunction":1,"lastStatement":3,"seen":{"s:3:24:8:1":0,"s:10:20:10:74":1,"f:10:20:10:21":0,"s:10:30:10:74":2}}}
,"/home/user/mcp-test/src/resources/server-info.js": {"path":"/home/user/mcp-test/src/resources/server-info.js","statementMap":{"0":{"start":{"line":3,"column":26},"end":{"line":8,"column":1}},"1":{"start":{"line":10,"column":20},"end":{"line":16,"column":2}},"2":{"start":{"line":10,"column":27},"end":{"line":16,"column":1}}},"fnMap":{"0":{"name":"(anonymous_0)","decl":{"start":{"line":10,"column":20},"end":{"line":10,"column":21}},"loc":{"start":{"line":10,"column":27},"end":{"line":16,"column":1}},"line":10}},"branchMap":{},"s":{"0":3,"1":3,"2":3},"f":{"0":3},"b":{},"meta":{"lastBranch":0,"lastFunction":1,"lastStatement":3,"seen":{"s:3:26:8:1":0,"s:10:20:16:2":1,"f:10:20:10:21":0,"s:10:27:16:1":2}}}
,"/home/user/mcp-test/src/tools/add.js": {"path":"/home/user/mcp-test/src/tools/add.js","statementMap":{"0":{"start":{"line":3,"column":26},"end":{"line":14,"column":1}},"1":{"start":{"line":16,"column":19},"end":{"line":16,"column":34}},"2":{"start":{"line":16,"column":29},"end":{"line":16,"column":34}},"3":{"start":{"line":18,"column":25},"end":{"line":19,"column":41}},"4":{"start":{"line":19,"column":2},"end":{"line":19,"column":41}},"5":{"start":{"line":21,"column":23},"end":{"line":21,"column":63}},"6":{"start":{"line":21,"column":37},"end":{"line":21,"column":63}}},"fnMap":{"0":{"name":"(anonymous_0)","decl":{"start":{"line":16,"column":19},"end":{"line":16,"column":20}},"loc":{"start":{"line":16,"column":29},"end":{"line":16,"column":34}},"line":16},"1":{"name":"(anonymous_1)","decl":{"start":{"line":18,"column":25},"end":{"line":18,"column":26}},"loc":{"start":{"line":19,"column":2},"end":{"line":19,"column":41}},"line":19},"2":{"name":"(anonymous_2)","decl":{"start":{"line":21,"column":23},"end":{"line":21,"column":24}},"loc":{"start":{"line":21,"column":37},"end":{"line":21,"column":63}},"line":21}},"branchMap":{},"s":{"0":3,"1":3,"2":7,"3":3,"4":5,"5":3,"6":3},"f":{"0":7,"1":5,"2":3},"b":{},"meta":{"lastBranch":0,"lastFunction":3,"lastStatement":7,"seen":{"s:3:26:14:1":0,"s:16:19:16:34":1,"f:16:19:16:20":0,"s:16:29:16:34":2,"s:18:25:19:41":3,"f:18:25:18:26":1,"s:19:2:19:41":4,"s:21:23:21:63":5,"f:21:23:21:24":2,"s:21:37:21:63":6}}}
,"/home/user/mcp-test/src/tools/echo.js": {"path":"/home/user/mcp-test/src/tools/echo.js","statementMap":{"0":{"start":{"line":3,"column":26},"end":{"line":16,"column":1}},"1":{"start":{"line":18,"column":23},"end":{"line":18,"column":58}},"2":{"start":{"line":18,"column":40},"end":{"line":18,"column":58}}},"fnMap":{"0":{"name":"(anonymous_0)","decl":{"start":{"line":18,"column":23},"end":{"line":18,"column":24}},"loc":{"start":{"line":18,"column":40},"end":{"line":18,"column":58}},"line":18}},"branchMap":{},"s":{"0":3,"1":3,"2":5},"f":{"0":5},"b":{},"meta":{"lastBranch":0,"lastFunction":1,"lastStatement":3,"seen":{"s:3:26:16:1":0,"s:18:23:18:58":1,"f:18:23:18:24":0,"s:18:40:18:58":2}}}
}
